--------------- Build Started: 11/26/2018 13:25:26 Project: SecondTry, Configuration: ARM GCC 5.4-2016-q2-update Release ---------------
cydsfit.exe -.appdatapath "C:\Users\Krist\AppData\Local\Cypress Semiconductor\PSoC Creator\4.1" -.fdsnotice -.fdswarpdepfile=warp_dependencies.txt -.fdselabdepfile=elab_dependencies.txt -.fdsbldfile=generated_files.txt -.fdsreffile=referenced_files.txt -p C:\Users\Krist\OneDrive\Dokumenter\GitHub\platooning\PSoC\PeakDetector\SecondTry.cydsn\SecondTry.cyprj -d CY8C5888LTI-LP097 -s C:\Users\Krist\OneDrive\Dokumenter\GitHub\platooning\PSoC\PeakDetector\SecondTry.cydsn\Generated_Source\PSoC5 -- -yv2 -q10 -ygs -o2 -v3 -.fftcfgtype=LE
Elaborating Design...
ADD: sdb.M0012: error: Terminals "Pin_2.analog_0,Peak_Detector_1.Peak_Out" connected to signal "Net_35" have mismatching types.
 * C:\Users\Krist\OneDrive\Dokumenter\GitHub\platooning\PSoC\PeakDetector\SecondTry.cydsn\TopDesign\TopDesign.cysch (Signal: Net_35)
 * C:\Users\Krist\OneDrive\Dokumenter\GitHub\platooning\PSoC\PeakDetector\SecondTry.cydsn\TopDesign\TopDesign.cysch (Peak_Out)
 * C:\Users\Krist\OneDrive\Dokumenter\GitHub\platooning\PSoC\PeakDetector\SecondTry.cydsn\TopDesign\TopDesign.cysch (Shape_13.7)
 * C:\Users\Krist\OneDrive\Dokumenter\GitHub\platooning\PSoC\PeakDetector\SecondTry.cydsn\TopDesign\TopDesign.cysch (analog_0)
 * C:\Users\Krist\OneDrive\Dokumenter\GitHub\platooning\PSoC\PeakDetector\SecondTry.cydsn\TopDesign\TopDesign.cysch (Shape_15.1)
ADD: sdb.M0018: error: Multiple drivers on signal "Net_35", bit(s) "0".
 * C:\Users\Krist\OneDrive\Dokumenter\GitHub\platooning\PSoC\PeakDetector\SecondTry.cydsn\TopDesign\TopDesign.cysch (Signal: Net_35)
 * C:\Users\Krist\OneDrive\Dokumenter\GitHub\platooning\PSoC\PeakDetector\SecondTry.cydsn\TopDesign\TopDesign.cysch (Shape_13.7)
 * C:\Users\Krist\OneDrive\Dokumenter\GitHub\platooning\PSoC\PeakDetector\SecondTry.cydsn\TopDesign\TopDesign.cysch (Shape_15.1)
Error: fit.M0050: The fitter aborted due to errors, please address all errors and rebuild. (App=cydsfit)
--------------- Build Failed: 11/26/2018 13:25:29 ---------------
